Build started 12/10/2014 10:36:38 PM.
     1>Project "F:\Code\Hangman\Hangman\Hangman.vcxproj" on node 2 (build target(s)).
     1>InitializeBuildStatus:
         Creating "Debug\Hangman.unsuccessfulbuild" because "AlwaysCreate" was specified.
       ClCompile:
         C:\Program Files (x86)\Microsoft Visual Studio 10.0\VC\bin\CL.exe /c /ZI /nologo /W3 /WX- /Od /Oy- /D WIN32 /D _DEBUG /D _CONSOLE /D _UNICODE /D UNICODE /Gm /EHsc /RTC1 /MDd /GS /fp:precise /Zc:wchar_t /Zc:forScope /Fo"Debug\\" /Fd"Debug\vc100.pdb" /Gd /TC /analyze- /errorReport:prompt Hangman.c
         Hangman.c
     1>f:\code\hangman\hangman\hangman.c(29): warning C4996: 'fopen': This function or variable may be unsafe. Consider using fopen_s instead. To disable deprecation, use _CRT_SECURE_NO_WARNINGS. See online help for details.
                 c:\program files (x86)\microsoft visual studio 10.0\vc\include\stdio.h(234) : see declaration of 'fopen'
     1>f:\code\hangman\hangman\hangman.c(55): warning C4996: 'strlwr': The POSIX name for this item is deprecated. Instead, use the ISO C++ conformant name: _strlwr. See online help for details.
                 c:\program files (x86)\microsoft visual studio 10.0\vc\include\string.h(247) : see declaration of 'strlwr'
     1>f:\code\hangman\hangman\hangman.c(60): warning C4018: '<' : signed/unsigned mismatch
     1>f:\code\hangman\hangman\hangman.c(79): warning C4996: 'getche': The POSIX name for this item is deprecated. Instead, use the ISO C++ conformant name: _getche. See online help for details.
                 c:\program files (x86)\microsoft visual studio 10.0\vc\include\conio.h(129) : see declaration of 'getche'
     1>f:\code\hangman\hangman\hangman.c(81): warning C4018: '<' : signed/unsigned mismatch
       ManifestResourceCompile:
         All outputs are up-to-date.
       Link:
         C:\Program Files (x86)\Microsoft Visual Studio 10.0\VC\bin\link.exe /ERRORREPORT:PROMPT /OUT:"F:\Code\Hangman\Debug\Hangman.exe" /INCREMENTAL /NOLOGO kernel32.lib user32.lib gdi32.lib winspool.lib comdlg32.lib advapi32.lib shell32.lib ole32.lib oleaut32.lib uuid.lib odbc32.lib odbccp32.lib /MANIFEST /ManifestFile:"Debug\Hangman.exe.intermediate.manifest" /MANIFESTUAC:"level='asInvoker' uiAccess='false'" /DEBUG /PDB:"F:\Code\Hangman\Debug\Hangman.pdb" /SUBSYSTEM:CONSOLE /TLBID:1 /DYNAMICBASE /NXCOMPAT /IMPLIB:"F:\Code\Hangman\Debug\Hangman.lib" /MACHINE:X86 Debug\Hangman.exe.embed.manifest.res
         Debug\Hangman.obj
       Manifest:
         C:\Program Files (x86)\Microsoft SDKs\Windows\v7.0A\bin\mt.exe /nologo /verbose /out:"Debug\Hangman.exe.embed.manifest" /manifest Debug\Hangman.exe.intermediate.manifest
         All outputs are up-to-date.
       LinkEmbedManifest:
         All outputs are up-to-date.
         Hangman.vcxproj -> F:\Code\Hangman\Debug\Hangman.exe
       FinalizeBuildStatus:
         Deleting file "Debug\Hangman.unsuccessfulbuild".
         Touching "Debug\Hangman.lastbuildstate".
     1>Done Building Project "F:\Code\Hangman\Hangman\Hangman.vcxproj" (build target(s)).

Build succeeded.

Time Elapsed 00:00:00.29
