Build started 11/10/2014 5:02:02 PM.
     1>Project "F:\Code\3D Tic Tac Toe\3D Tic Tac Toe\3D Tic Tac Toe.vcxproj" on node 2 (build target(s)).
     1>InitializeBuildStatus:
         Creating "Debug\3D Tic Tac Toe.unsuccessfulbuild" because "AlwaysCreate" was specified.
       ClCompile:
         C:\Program Files (x86)\Microsoft Visual Studio 10.0\VC\bin\CL.exe /c /ZI /nologo /W3 /WX- /Od /Oy- /D WIN32 /D _DEBUG /D _CONSOLE /D _UNICODE /D UNICODE /Gm /EHsc /RTC1 /MDd /GS /fp:precise /Zc:wchar_t /Zc:forScope /Fo"Debug\\" /Fd"Debug\vc100.pdb" /Gd /TC /analyze- /errorReport:prompt "3D Tic Tac Toe.c"
         3D Tic Tac Toe.c
     1>f:\code\3d tic tac toe\3d tic tac toe\3d tic tac toe.c(42): warning C4996: 'scanf': This function or variable may be unsafe. Consider using scanf_s instead. To disable deprecation, use _CRT_SECURE_NO_WARNINGS. See online help for details.
                 c:\program files (x86)\microsoft visual studio 10.0\vc\include\stdio.h(304) : see declaration of 'scanf'
     1>f:\code\3d tic tac toe\3d tic tac toe\3d tic tac toe.c(43): warning C4996: 'scanf': This function or variable may be unsafe. Consider using scanf_s instead. To disable deprecation, use _CRT_SECURE_NO_WARNINGS. See online help for details.
                 c:\program files (x86)\microsoft visual studio 10.0\vc\include\stdio.h(304) : see declaration of 'scanf'
     1>f:\code\3d tic tac toe\3d tic tac toe\3d tic tac toe.c(44): warning C4996: 'scanf': This function or variable may be unsafe. Consider using scanf_s instead. To disable deprecation, use _CRT_SECURE_NO_WARNINGS. See online help for details.
                 c:\program files (x86)\microsoft visual studio 10.0\vc\include\stdio.h(304) : see declaration of 'scanf'
     1>f:\code\3d tic tac toe\3d tic tac toe\3d tic tac toe.c(52): warning C4996: 'scanf': This function or variable may be unsafe. Consider using scanf_s instead. To disable deprecation, use _CRT_SECURE_NO_WARNINGS. See online help for details.
                 c:\program files (x86)\microsoft visual studio 10.0\vc\include\stdio.h(304) : see declaration of 'scanf'
     1>f:\code\3d tic tac toe\3d tic tac toe\3d tic tac toe.c(53): warning C4996: 'scanf': This function or variable may be unsafe. Consider using scanf_s instead. To disable deprecation, use _CRT_SECURE_NO_WARNINGS. See online help for details.
                 c:\program files (x86)\microsoft visual studio 10.0\vc\include\stdio.h(304) : see declaration of 'scanf'
     1>f:\code\3d tic tac toe\3d tic tac toe\3d tic tac toe.c(54): warning C4996: 'scanf': This function or variable may be unsafe. Consider using scanf_s instead. To disable deprecation, use _CRT_SECURE_NO_WARNINGS. See online help for details.
                 c:\program files (x86)\microsoft visual studio 10.0\vc\include\stdio.h(304) : see declaration of 'scanf'
       ManifestResourceCompile:
         All outputs are up-to-date.
       Link:
         C:\Program Files (x86)\Microsoft Visual Studio 10.0\VC\bin\link.exe /ERRORREPORT:PROMPT /OUT:"F:\Code\3D Tic Tac Toe\Debug\3D Tic Tac Toe.exe" /INCREMENTAL /NOLOGO kernel32.lib user32.lib gdi32.lib winspool.lib comdlg32.lib advapi32.lib shell32.lib ole32.lib oleaut32.lib uuid.lib odbc32.lib odbccp32.lib /MANIFEST /ManifestFile:"Debug\3D Tic Tac Toe.exe.intermediate.manifest" /MANIFESTUAC:"level='asInvoker' uiAccess='false'" /DEBUG /PDB:"F:\Code\3D Tic Tac Toe\Debug\3D Tic Tac Toe.pdb" /SUBSYSTEM:CONSOLE /TLBID:1 /DYNAMICBASE /NXCOMPAT /IMPLIB:"F:\Code\3D Tic Tac Toe\Debug\3D Tic Tac Toe.lib" /MACHINE:X86 "Debug\3D Tic Tac Toe.exe.embed.manifest.res"
         "Debug\3D Tic Tac Toe.obj"
       Manifest:
         C:\Program Files (x86)\Microsoft SDKs\Windows\v7.0A\bin\mt.exe /nologo /verbose /out:"Debug\3D Tic Tac Toe.exe.embed.manifest" /manifest "Debug\3D Tic Tac Toe.exe.intermediate.manifest"
         All outputs are up-to-date.
       LinkEmbedManifest:
         All outputs are up-to-date.
         3D Tic Tac Toe.vcxproj -> F:\Code\3D Tic Tac Toe\Debug\3D Tic Tac Toe.exe
       FinalizeBuildStatus:
         Deleting file "Debug\3D Tic Tac Toe.unsuccessfulbuild".
         Touching "Debug\3D Tic Tac Toe.lastbuildstate".
     1>Done Building Project "F:\Code\3D Tic Tac Toe\3D Tic Tac Toe\3D Tic Tac Toe.vcxproj" (build target(s)).

Build succeeded.

Time Elapsed 00:00:00.95
